[0.006s] Invoking command in '/home/mikolaj@acfr.usyd.edu.au/ros2_ws/build/dyno_control': /usr/bin/cmake --build /home/mikolaj@acfr.usyd.edu.au/ros2_ws/build/dyno_control -- -j20 -l20
[0.019s] -- Found ament_cmake: 1.3.9 (/opt/ros/humble/share/ament_cmake/cmake)
[0.088s] -- Found rclpy: 3.3.13 (/opt/ros/humble/share/rclpy/cmake)
[0.116s] Error parsing '/home/mikolaj@acfr.usyd.edu.au/ros2_ws/src/dyno_control/package.xml':
[0.141s] Traceback (most recent call last):
[0.141s]   File "/opt/ros/humble/share/ament_cmake_core/cmake/core/package_xml_2_cmake.py", line 150, in <module>
[0.141s]     main()
[0.141s]   File "/opt/ros/humble/share/ament_cmake_core/cmake/core/package_xml_2_cmake.py", line 53, in main
[0.141s]     raise e
[0.141s]   File "/opt/ros/humble/share/ament_cmake_core/cmake/core/package_xml_2_cmake.py", line 49, in main
[0.141s]     package = parse_package_string(
[0.141s]   File "/usr/lib/python3/dist-packages/catkin_pkg/package.py", line 788, in parse_package_string
[0.142s]     pkg.validate(warnings=warnings)
[0.142s]   File "/usr/lib/python3/dist-packages/catkin_pkg/package.py", line 330, in validate
[0.142s]     raise InvalidPackage('\n'.join(errors), self.filename)
[0.142s] catkin_pkg.package.InvalidPackage: Error(s) in package '/home/mikolaj@acfr.usyd.edu.au/ros2_ws/src/dyno_control/package.xml':
[0.142s] The package "dyno_control" must not "exec_depend" on a package with the same name as this package
[0.150s] [31mCMake Error at /opt/ros/humble/share/ament_cmake_core/cmake/core/ament_package_xml.cmake:95 (message):
[0.150s]   execute_process(/usr/bin/python3
[0.150s]   /opt/ros/humble/share/ament_cmake_core/cmake/core/package_xml_2_cmake.py
[0.150s]   /home/mikolaj@acfr.usyd.edu.au/ros2_ws/src/dyno_control/package.xml
[0.150s]   /home/mikolaj@acfr.usyd.edu.au/ros2_ws/build/dyno_control/ament_cmake_core/package.cmake)
[0.150s]   returned error code 1
[0.150s] Call Stack (most recent call first):
[0.150s]   /opt/ros/humble/share/ament_cmake_core/cmake/core/ament_package_xml.cmake:49 (_ament_package_xml)
[0.150s]   /opt/ros/humble/share/ament_cmake_python/cmake/ament_python_install_package.cmake:60 (ament_package_xml)
[0.150s]   /opt/ros/humble/share/ament_cmake_python/cmake/ament_python_install_package.cmake:39 (_ament_cmake_python_install_package)
[0.150s]   CMakeLists.txt:26 (ament_python_install_package)
[0.150s] 
[0.150s] [0m
[0.150s] -- Configuring incomplete, errors occurred!
[0.150s] See also "/home/mikolaj@acfr.usyd.edu.au/ros2_ws/build/dyno_control/CMakeFiles/CMakeOutput.log".
[0.151s] gmake: *** [Makefile:254: cmake_check_build_system] Error 1
[0.153s] Invoked command in '/home/mikolaj@acfr.usyd.edu.au/ros2_ws/build/dyno_control' returned '2': /usr/bin/cmake --build /home/mikolaj@acfr.usyd.edu.au/ros2_ws/build/dyno_control -- -j20 -l20
