[0.006s] Invoking command in '/home/mikolaj@acfr.usyd.edu.au/ros2_ws/build/dyno_control': /usr/bin/cmake --build /home/mikolaj@acfr.usyd.edu.au/ros2_ws/build/dyno_control -- -j20 -l20
[0.020s] -- Found ament_cmake: 1.3.9 (/opt/ros/humble/share/ament_cmake/cmake)
[0.092s] -- Found rclpy: 3.3.13 (/opt/ros/humble/share/rclpy/cmake)
[0.123s] Error parsing '/home/mikolaj@acfr.usyd.edu.au/ros2_ws/src/dyno_control/package.xml':
[0.148s] Traceback (most recent call last):
[0.148s]   File "/opt/ros/humble/share/ament_cmake_core/cmake/core/package_xml_2_cmake.py", line 150, in <module>
[0.148s]     main()
[0.148s]   File "/opt/ros/humble/share/ament_cmake_core/cmake/core/package_xml_2_cmake.py", line 53, in main
[0.148s]     raise e
[0.148s]   File "/opt/ros/humble/share/ament_cmake_core/cmake/core/package_xml_2_cmake.py", line 49, in main
[0.148s]     package = parse_package_string(
[0.148s]   File "/usr/lib/python3/dist-packages/catkin_pkg/package.py", line 786, in parse_package_string
[0.149s]     raise InvalidPackage('Error(s):%s' % (''.join(['\n- %s' % e for e in errors])), filename)
[0.149s] catkin_pkg.package.InvalidPackage: Error(s) in package '/home/mikolaj@acfr.usyd.edu.au/ros2_ws/src/dyno_control/package.xml':
[0.149s] Error(s):
[0.149s] - The generic dependency on 'geometry_msgs' is redundant with: build_depend, build_export_depend, exec_depend
[0.157s] [31mCMake Error at /opt/ros/humble/share/ament_cmake_core/cmake/core/ament_package_xml.cmake:95 (message):
[0.157s]   execute_process(/usr/bin/python3
[0.157s]   /opt/ros/humble/share/ament_cmake_core/cmake/core/package_xml_2_cmake.py
[0.157s]   /home/mikolaj@acfr.usyd.edu.au/ros2_ws/src/dyno_control/package.xml
[0.157s]   /home/mikolaj@acfr.usyd.edu.au/ros2_ws/build/dyno_control/ament_cmake_core/package.cmake)
[0.157s]   returned error code 1
[0.157s] Call Stack (most recent call first):
[0.157s]   /opt/ros/humble/share/ament_cmake_core/cmake/core/ament_package_xml.cmake:49 (_ament_package_xml)
[0.157s]   /opt/ros/humble/share/ament_cmake_python/cmake/ament_python_install_package.cmake:60 (ament_package_xml)
[0.157s]   /opt/ros/humble/share/ament_cmake_python/cmake/ament_python_install_package.cmake:39 (_ament_cmake_python_install_package)
[0.157s]   CMakeLists.txt:26 (ament_python_install_package)
[0.157s] 
[0.157s] [0m
[0.157s] -- Configuring incomplete, errors occurred!
[0.157s] See also "/home/mikolaj@acfr.usyd.edu.au/ros2_ws/build/dyno_control/CMakeFiles/CMakeOutput.log".
[0.159s] gmake: *** [Makefile:254: cmake_check_build_system] Error 1
[0.160s] Invoked command in '/home/mikolaj@acfr.usyd.edu.au/ros2_ws/build/dyno_control' returned '2': /usr/bin/cmake --build /home/mikolaj@acfr.usyd.edu.au/ros2_ws/build/dyno_control -- -j20 -l20
